# JRE version: Java(TM) SE Runtime Environment (8.0_181-b13) (build 1.8.0_181-b13)
# Java VM: Java HotSpot(TM) 64-Bit Server VM (25.181-b13 mixed mode windows-amd64 compressed oops)
Heap:
 PSYoungGen      total 38400K, used 2662K [0x00000000d5f00000, 0x00000000d8980000, 0x0000000100000000)
  eden space 33280K, 8% used [0x00000000d5f00000,0x00000000d6199a90,0x00000000d7f80000)
  from space 5120K, 0% used [0x00000000d7f80000,0x00000000d7f80000,0x00000000d8480000)
  to   space 5120K, 0% used [0x00000000d8480000,0x00000000d8480000,0x00000000d8980000)
 ParOldGen       total 35840K, used 2313K [0x0000000081c00000, 0x0000000083f00000, 0x00000000d5f00000)
  object space 35840K, 6% used [0x0000000081c00000,0x0000000081e42428,0x0000000083f00000)
 Metaspace       used 9201K, capacity 9396K, committed 9728K, reserved 1058816K
  class space    used 1109K, capacity 1188K, committed 1280K, reserved 1048576K
GC Heap History (4 events):
Event: 241203.702 GC heap before
{Heap before GC invocations=1 (full 0):
 PSYoungGen      total 38400K, used 12137K [0x00000000d5f00000, 0x00000000d8980000, 0x0000000100000000)
  eden space 33280K, 36% used [0x00000000d5f00000,0x00000000d6ada4d0,0x00000000d7f80000)
  from space 5120K, 0% used [0x00000000d8480000,0x00000000d8480000,0x00000000d8980000)
  to   space 5120K, 0% used [0x00000000d7f80000,0x00000000d7f80000,0x00000000d8480000)
 ParOldGen       total 87552K, used 0K [0x0000000081c00000, 0x0000000087180000, 0x00000000d5f00000)
  object space 87552K, 0% used [0x0000000081c00000,0x0000000081c00000,0x0000000087180000)
 Metaspace       used 9204K, capacity 9342K, committed 9472K, reserved 1060864K
  class space    used 1110K, capacity 1193K, committed 1280K, reserved 1048576K
Event: 241203.995 GC heap after
Heap after GC invocations=1 (full 0):
 PSYoungGen      total 38400K, used 2821K [0x00000000d5f00000, 0x00000000d8980000, 0x0000000100000000)
  eden space 33280K, 0% used [0x00000000d5f00000,0x00000000d5f00000,0x00000000d7f80000)
  from space 5120K, 55% used [0x00000000d7f80000,0x00000000d82414a8,0x00000000d8480000)
  to   space 5120K, 0% used [0x00000000d8480000,0x00000000d8480000,0x00000000d8980000)
 ParOldGen       total 87552K, used 16K [0x0000000081c00000, 0x0000000087180000, 0x00000000d5f00000)
  object space 87552K, 0% used [0x0000000081c00000,0x0000000081c04000,0x0000000087180000)
 Metaspace       used 9204K, capacity 9342K, committed 9472K, reserved 1060864K
  class space    used 1110K, capacity 1193K, committed 1280K, reserved 1048576K
}
Event: 241203.995 GC heap before
{Heap before GC invocations=2 (full 1):
 PSYoungGen      total 38400K, used 2821K [0x00000000d5f00000, 0x00000000d8980000, 0x0000000100000000)
  eden space 33280K, 0% used [0x00000000d5f00000,0x00000000d5f00000,0x00000000d7f80000)
  from space 5120K, 55% used [0x00000000d7f80000,0x00000000d82414a8,0x00000000d8480000)
  to   space 5120K, 0% used [0x00000000d8480000,0x00000000d8480000,0x00000000d8980000)
 ParOldGen       total 87552K, used 16K [0x0000000081c00000, 0x0000000087180000, 0x00000000d5f00000)
  object space 87552K, 0% used [0x0000000081c00000,0x0000000081c04000,0x0000000087180000)
 Metaspace       used 9204K, capacity 9342K, committed 9472K, reserved 1060864K
  class space    used 1110K, capacity 1193K, committed 1280K, reserved 1048576K
Event: 241204.041 GC heap after
Heap after GC invocations=2 (full 1):
 PSYoungGen      total 38400K, used 0K [0x00000000d5f00000, 0x00000000d8980000, 0x0000000100000000)
  eden space 33280K, 0% used [0x00000000d5f00000,0x00000000d5f00000,0x00000000d7f80000)
  from space 5120K, 0% used [0x00000000d7f80000,0x00000000d7f80000,0x00000000d8480000)
  to   space 5120K, 0% used [0x00000000d8480000,0x00000000d8480000,0x00000000d8980000)
 ParOldGen       total 35840K, used 2313K [0x0000000081c00000, 0x0000000083f00000, 0x00000000d5f00000)
  object space 35840K, 6% used [0x0000000081c00000,0x0000000081e42428,0x0000000083f00000)
 Metaspace       used 9197K, capacity 9332K, committed 9472K, reserved 1058816K
  class space    used 1108K, capacity 1188K, committed 1280K, reserved 1048576K
}

